Jun 22 23:53 : exception: Failed to open '/home/lxm/.config/mpd/mpdstate': No such file or directory
Jun 22 23:53 : update: added Pentakill/Pentakill - Smite and Ignite - 01 Lightbringer - 320kbps.mp3
Jun 22 23:53 : update: added Pentakill/Pentakill - Smite and Ignite - 02 Deathfire Grasp - 320kbps.mp3
Jun 22 23:53 : update: added Pentakill/Pentakill - Smite and Ignite - 03 Ohmwrecker - 320kbps.mp3
Jun 22 23:53 : update: added Pentakill/Pentakill - Smite and Ignite - 04 Last Whisper - 320kbps.mp3
Jun 22 23:53 : update: added Pentakill/Pentakill - Smite and Ignite - 05 The Hex Core - 320kbps.mp3
Jun 22 23:53 : update: added Pentakill/Pentakill - Smite and Ignite - 06 The Prophecy - 320kbps.mp3
Jun 22 23:53 : update: added Pentakill/Pentakill - Smite and Ignite - 07 Thornmail - 320kbps.mp3
Jun 22 23:53 : update: added Pentakill/Pentakill - Smite and Ignite - 08 Orb Of Winter - 320kbps.mp3
Jun 22 23:54 : exception: Failed to open /home/lxm/.config/mpd/playlists: No such file or directory
Jun 22 23:55 : player: played "Pentakill/Pentakill - Smite and Ignite - 01 Lightbringer - 320kbps.mp3"
Jun 23 00:00 : player: played "Pentakill/Pentakill - Smite and Ignite - 01 Lightbringer - 320kbps.mp3"
Jun 23 00:35 : exception: Failed to open /home/lxm/.config/mpd/playlists: No such file or directory
Jun 23 00:40 : player: played "Pentakill/Pentakill - Smite and Ignite - 02 Deathfire Grasp - 320kbps.mp3"
Jun 23 01:38 : exception: Failed to open /home/lxm/.config/mpd/playlists: No such file or directory
Jun 23 01:38 : player: played "Pentakill/Pentakill - Smite and Ignite - 01 Lightbringer - 320kbps.mp3"
Jun 23 01:50 : player: played "Pentakill/Pentakill - Smite and Ignite - 01 Lightbringer - 320kbps.mp3"
Jun 23 01:54 : player: played "Pentakill/Pentakill - Smite and Ignite - 02 Deathfire Grasp - 320kbps.mp3"
Jun 23 05:12 : player: played "Pentakill/Pentakill - Smite and Ignite - 02 Deathfire Grasp - 320kbps.mp3"
Jun 23 05:14 : player: played "Pentakill/Pentakill - Smite and Ignite - 02 Deathfire Grasp - 320kbps.mp3"
Jun 23 05:14 : player: played "Pentakill/Pentakill - Smite and Ignite - 02 Deathfire Grasp - 320kbps.mp3"
Jun 23 05:14 : player: played "Pentakill/Pentakill - Smite and Ignite - 01 Lightbringer - 320kbps.mp3"
Jun 23 05:20 : player: played "Pentakill/Pentakill - Smite and Ignite - 01 Lightbringer - 320kbps.mp3"
Jun 23 05:24 : player: played "Pentakill/Pentakill - Smite and Ignite - 02 Deathfire Grasp - 320kbps.mp3"
Jun 23 06:43 : player: played "Pentakill/Pentakill - Smite and Ignite - 01 Lightbringer - 320kbps.mp3"
Jun 23 06:47 : player: played "Pentakill/Pentakill - Smite and Ignite - 02 Deathfire Grasp - 320kbps.mp3"
Jun 23 09:59 : player: played "Pentakill/Pentakill - Smite and Ignite - 02 Deathfire Grasp - 320kbps.mp3"
Jun 23 10:03 : player: played "Pentakill/Pentakill - Smite and Ignite - 02 Deathfire Grasp - 320kbps.mp3"
Jun 23 10:06 : player: played "Pentakill/Pentakill - Smite and Ignite - 02 Deathfire Grasp - 320kbps.mp3"
Jun 23 10:07 : player: played "Pentakill/Pentakill - Smite and Ignite - 02 Deathfire Grasp - 320kbps.mp3"
Jun 23 10:57 : player: played "Pentakill/Pentakill - Smite and Ignite - 02 Deathfire Grasp - 320kbps.mp3"
Jun 23 12:35 : player: played "Pentakill/Pentakill - Smite and Ignite - 02 Deathfire Grasp - 320kbps.mp3"
